<?xml version="1.0" encoding="UTF-8"?>
<testsuite xmlns:xsi="http://www.w3.org/2001/XMLSchema-instance" xsi:noNamespaceSchemaLocation="https://maven.apache.org/surefire/maven-surefire-plugin/xsd/surefire-test-report-3.0.xsd" version="3.0" name="com.maersk.booking.demo.Demo.MaerskDemoApplicationTests" time="1.828" tests="3" errors="0" skipped="0" failures="0">
  <properties>
[...]
</properties>
  <testcase name="testAvailableSpacePositiveFlow" classname="com.maersk.booking.demo.Demo.MaerskDemoApplicationTests" time="0.519">
    <system-out><![CDATA[
  .   ____          _            __ _ _
 /\\ / ___'_ __ _ _(_)_ __  __ _ \ \ \ \
( ( )\___ | '_ | '_| | '_ \/ _` | \ \ \ \
 \\/  ___)| |_)| | | | | || (_| |  ) ) ) )
  '  |____| .__|_| |_|_| |_\__, | / / / /
 =========|_|==============|___/=/_/_/_/
 :: Spring Boot ::                (v3.2.3)

]]></system-out>
  </testcase>
  <testcase name="testAvailableSpaceNegativeFlow" classname="com.maersk.booking.demo.Demo.MaerskDemoApplicationTests" time="0.004"/>
  <testcase name="contextLoads" classname="com.maersk.booking.demo.Demo.MaerskDemoApplicationTests" time="0.002"/>
</testsuite>